<?xml version="1.0" encoding="UTF-8"?>
<!-- Generated by org.testng.reporters.JUnitReportReporter -->
<testsuite skipped="0" hostname="LAPTOP-48UDSM9F" name="TC001_GET_Request" tests="2" failures="0" timestamp="2022-06-25T22:44:32 IST" time="4.189" errors="0">
  <testcase name="getAllWeatherData" time="3.147" classname="TC001_GET_Request"/>
  <system-out/>
  <testcase name="getweatherDetails" time="1.042" classname="TC001_GET_Request"/>
  <system-out/>
</testsuite> <!-- TC001_GET_Request -->
