<?xml version="1.0" encoding="UTF-8"?>
<testsuite xmlns:xsi="http://www.w3.org/2001/XMLSchema-instance" xsi:noNamespaceSchemaLocation="https://maven.apache.org/surefire/maven-surefire-plugin/xsd/surefire-test-report.xsd" name="TC001_GET_Request" time="4.697" tests="2" errors="0" skipped="0" failures="0">
  <properties>
    <property name="sun.desktop" value="windows"/>
    <property name="awt.toolkit" value="sun.awt.windows.WToolkit"/>
    <property name="file.encoding.pkg" value="sun.io"/>
    <property name="java.specification.version" value="1.8"/>
    <property name="sun.cpu.isalist" value="amd64"/>
    <property name="sun.jnu.encoding" value="Cp1252"/>
    <property name="java.class.path" value="E:\extra\RestassuredAutomation\target\test-classes;E:\extra\RestassuredAutomation\target\classes;C:\Users\hp\.m2\repository\io\rest-assured\rest-assured\5.1.1\rest-assured-5.1.1.jar;C:\Users\hp\.m2\repository\org\apache\groovy\groovy\4.0.1\groovy-4.0.1.jar;C:\Users\hp\.m2\repository\org\apache\groovy\groovy-xml\4.0.1\groovy-xml-4.0.1.jar;C:\Users\hp\.m2\repository\org\apache\httpcomponents\httpclient\4.5.13\httpclient-4.5.13.jar;C:\Users\hp\.m2\repository\org\apache\httpcomponents\httpcore\4.4.13\httpcore-4.4.13.jar;C:\Users\hp\.m2\repository\commons-logging\commons-logging\1.2\commons-logging-1.2.jar;C:\Users\hp\.m2\repository\org\apache\httpcomponents\httpmime\4.5.13\httpmime-4.5.13.jar;C:\Users\hp\.m2\repository\org\hamcrest\hamcrest\2.1\hamcrest-2.1.jar;C:\Users\hp\.m2\repository\org\ccil\cowan\tagsoup\tagsoup\1.2.1\tagsoup-1.2.1.jar;C:\Users\hp\.m2\repository\io\rest-assured\json-path\5.1.1\json-path-5.1.1.jar;C:\Users\hp\.m2\repository\org\apache\groovy\groovy-json\4.0.1\groovy-json-4.0.1.jar;C:\Users\hp\.m2\repository\io\rest-assured\rest-assured-common\5.1.1\rest-assured-common-5.1.1.jar;C:\Users\hp\.m2\repository\io\rest-assured\xml-path\5.1.1\xml-path-5.1.1.jar;C:\Users\hp\.m2\repository\org\apache\commons\commons-lang3\3.11\commons-lang3-3.11.jar;C:\Users\hp\.m2\repository\org\testng\testng\7.4.0\testng-7.4.0.jar;C:\Users\hp\.m2\repository\com\beust\jcommander\1.78\jcommander-1.78.jar;C:\Users\hp\.m2\repository\org\webjars\jquery\3.5.1\jquery-3.5.1.jar;C:\Users\hp\.m2\repository\com\googlecode\json-simple\json-simple\1.1.1\json-simple-1.1.1.jar;C:\Users\hp\.m2\repository\junit\junit\4.10\junit-4.10.jar;C:\Users\hp\.m2\repository\org\hamcrest\hamcrest-core\1.1\hamcrest-core-1.1.jar;C:\Users\hp\.m2\repository\org\apache\poi\poi\5.2.2\poi-5.2.2.jar;C:\Users\hp\.m2\repository\commons-codec\commons-codec\1.15\commons-codec-1.15.jar;C:\Users\hp\.m2\repository\org\apache\commons\commons-collections4\4.4\commons-collections4-4.4.jar;C:\Users\hp\.m2\repository\org\apache\commons\commons-math3\3.6.1\commons-math3-3.6.1.jar;C:\Users\hp\.m2\repository\commons-io\commons-io\2.11.0\commons-io-2.11.0.jar;C:\Users\hp\.m2\repository\com\zaxxer\SparseBitSet\1.2\SparseBitSet-1.2.jar;C:\Users\hp\.m2\repository\org\apache\logging\log4j\log4j-api\2.17.2\log4j-api-2.17.2.jar;C:\Users\hp\.m2\repository\org\apache\poi\poi-ooxml\5.2.2\poi-ooxml-5.2.2.jar;C:\Users\hp\.m2\repository\org\apache\poi\poi-ooxml-lite\5.2.2\poi-ooxml-lite-5.2.2.jar;C:\Users\hp\.m2\repository\org\apache\xmlbeans\xmlbeans\5.0.3\xmlbeans-5.0.3.jar;C:\Users\hp\.m2\repository\xml-apis\xml-apis\1.4.01\xml-apis-1.4.01.jar;C:\Users\hp\.m2\repository\org\apache\commons\commons-compress\1.21\commons-compress-1.21.jar;C:\Users\hp\.m2\repository\com\github\virtuald\curvesapi\1.07\curvesapi-1.07.jar;"/>
    <property name="java.vm.vendor" value="Oracle Corporation"/>
    <property name="sun.arch.data.model" value="64"/>
    <property name="user.variant" value=""/>
    <property name="java.vendor.url" value="http://java.oracle.com/"/>
    <property name="user.timezone" value="Asia/Calcutta"/>
    <property name="java.vm.specification.version" value="1.8"/>
    <property name="os.name" value="Windows 10"/>
    <property name="user.country" value="IN"/>
    <property name="sun.java.launcher" value="SUN_STANDARD"/>
    <property name="sun.boot.library.path" value="C:\Program Files\Java\jdk1.8.0_202\jre\bin"/>
    <property name="sun.java.command" value="C:\Users\hp\AppData\Local\Temp\surefire3688405878429257930\surefirebooter3045744146889946164.jar C:\Users\hp\AppData\Local\Temp\surefire3688405878429257930 2022-06-25T22-44-26_642-jvmRun1 surefire6126571286402670532tmp surefire_01965865885351842368tmp"/>
    <property name="test" value="TC001_GET_Request"/>
    <property name="surefire.test.class.path" value="E:\extra\RestassuredAutomation\target\test-classes;E:\extra\RestassuredAutomation\target\classes;C:\Users\hp\.m2\repository\io\rest-assured\rest-assured\5.1.1\rest-assured-5.1.1.jar;C:\Users\hp\.m2\repository\org\apache\groovy\groovy\4.0.1\groovy-4.0.1.jar;C:\Users\hp\.m2\repository\org\apache\groovy\groovy-xml\4.0.1\groovy-xml-4.0.1.jar;C:\Users\hp\.m2\repository\org\apache\httpcomponents\httpclient\4.5.13\httpclient-4.5.13.jar;C:\Users\hp\.m2\repository\org\apache\httpcomponents\httpcore\4.4.13\httpcore-4.4.13.jar;C:\Users\hp\.m2\repository\commons-logging\commons-logging\1.2\commons-logging-1.2.jar;C:\Users\hp\.m2\repository\org\apache\httpcomponents\httpmime\4.5.13\httpmime-4.5.13.jar;C:\Users\hp\.m2\repository\org\hamcrest\hamcrest\2.1\hamcrest-2.1.jar;C:\Users\hp\.m2\repository\org\ccil\cowan\tagsoup\tagsoup\1.2.1\tagsoup-1.2.1.jar;C:\Users\hp\.m2\repository\io\rest-assured\json-path\5.1.1\json-path-5.1.1.jar;C:\Users\hp\.m2\repository\org\apache\groovy\groovy-json\4.0.1\groovy-json-4.0.1.jar;C:\Users\hp\.m2\repository\io\rest-assured\rest-assured-common\5.1.1\rest-assured-common-5.1.1.jar;C:\Users\hp\.m2\repository\io\rest-assured\xml-path\5.1.1\xml-path-5.1.1.jar;C:\Users\hp\.m2\repository\org\apache\commons\commons-lang3\3.11\commons-lang3-3.11.jar;C:\Users\hp\.m2\repository\org\testng\testng\7.4.0\testng-7.4.0.jar;C:\Users\hp\.m2\repository\com\beust\jcommander\1.78\jcommander-1.78.jar;C:\Users\hp\.m2\repository\org\webjars\jquery\3.5.1\jquery-3.5.1.jar;C:\Users\hp\.m2\repository\com\googlecode\json-simple\json-simple\1.1.1\json-simple-1.1.1.jar;C:\Users\hp\.m2\repository\junit\junit\4.10\junit-4.10.jar;C:\Users\hp\.m2\repository\org\hamcrest\hamcrest-core\1.1\hamcrest-core-1.1.jar;C:\Users\hp\.m2\repository\org\apache\poi\poi\5.2.2\poi-5.2.2.jar;C:\Users\hp\.m2\repository\commons-codec\commons-codec\1.15\commons-codec-1.15.jar;C:\Users\hp\.m2\repository\org\apache\commons\commons-collections4\4.4\commons-collections4-4.4.jar;C:\Users\hp\.m2\repository\org\apache\commons\commons-math3\3.6.1\commons-math3-3.6.1.jar;C:\Users\hp\.m2\repository\commons-io\commons-io\2.11.0\commons-io-2.11.0.jar;C:\Users\hp\.m2\repository\com\zaxxer\SparseBitSet\1.2\SparseBitSet-1.2.jar;C:\Users\hp\.m2\repository\org\apache\logging\log4j\log4j-api\2.17.2\log4j-api-2.17.2.jar;C:\Users\hp\.m2\repository\org\apache\poi\poi-ooxml\5.2.2\poi-ooxml-5.2.2.jar;C:\Users\hp\.m2\repository\org\apache\poi\poi-ooxml-lite\5.2.2\poi-ooxml-lite-5.2.2.jar;C:\Users\hp\.m2\repository\org\apache\xmlbeans\xmlbeans\5.0.3\xmlbeans-5.0.3.jar;C:\Users\hp\.m2\repository\xml-apis\xml-apis\1.4.01\xml-apis-1.4.01.jar;C:\Users\hp\.m2\repository\org\apache\commons\commons-compress\1.21\commons-compress-1.21.jar;C:\Users\hp\.m2\repository\com\github\virtuald\curvesapi\1.07\curvesapi-1.07.jar;"/>
    <property name="sun.cpu.endian" value="little"/>
    <property name="user.home" value="C:\Users\hp"/>
    <property name="user.language" value="en"/>
    <property name="java.specification.vendor" value="Oracle Corporation"/>
    <property name="java.home" value="C:\Program Files\Java\jdk1.8.0_202\jre"/>
    <property name="basedir" value="E:\extra\RestassuredAutomation"/>
    <property name="file.separator" value="\"/>
    <property name="line.separator" value="&#10;"/>
    <property name="java.vm.specification.vendor" value="Oracle Corporation"/>
    <property name="java.specification.name" value="Java Platform API Specification"/>
    <property name="java.awt.graphicsenv" value="sun.awt.Win32GraphicsEnvironment"/>
    <property name="surefire.real.class.path" value="C:\Users\hp\AppData\Local\Temp\surefire3688405878429257930\surefirebooter3045744146889946164.jar"/>
    <property name="sun.boot.class.path" value="C:\Program Files\Java\jdk1.8.0_202\jre\lib\resources.jar;C:\Program Files\Java\jdk1.8.0_202\jre\lib\rt.jar;C:\Program Files\Java\jdk1.8.0_202\jre\lib\sunrsasign.jar;C:\Program Files\Java\jdk1.8.0_202\jre\lib\jsse.jar;C:\Program Files\Java\jdk1.8.0_202\jre\lib\jce.jar;C:\Program Files\Java\jdk1.8.0_202\jre\lib\charsets.jar;C:\Program Files\Java\jdk1.8.0_202\jre\lib\jfr.jar;C:\Program Files\Java\jdk1.8.0_202\jre\classes"/>
    <property name="user.script" value=""/>
    <property name="sun.management.compiler" value="HotSpot 64-Bit Tiered Compilers"/>
    <property name="java.runtime.version" value="1.8.0_202-b08"/>
    <property name="user.name" value="hp"/>
    <property name="path.separator" value=";"/>
    <property name="os.version" value="10.0"/>
    <property name="java.endorsed.dirs" value="C:\Program Files\Java\jdk1.8.0_202\jre\lib\endorsed"/>
    <property name="java.runtime.name" value="Java(TM) SE Runtime Environment"/>
    <property name="file.encoding" value="Cp1252"/>
    <property name="java.vm.name" value="Java HotSpot(TM) 64-Bit Server VM"/>
    <property name="localRepository" value="C:\Users\hp\.m2\repository"/>
    <property name="java.vendor.url.bug" value="http://bugreport.sun.com/bugreport/"/>
    <property name="java.io.tmpdir" value="C:\Users\hp\AppData\Local\Temp\"/>
    <property name="java.version" value="1.8.0_202"/>
    <property name="user.dir" value="E:\extra\RestassuredAutomation"/>
    <property name="os.arch" value="amd64"/>
    <property name="java.vm.specification.name" value="Java Virtual Machine Specification"/>
    <property name="java.awt.printerjob" value="sun.awt.windows.WPrinterJob"/>
    <property name="sun.os.patch.level" value=""/>
    <property name="java.library.path" value="C:\Program Files\Java\jdk1.8.0_202\jre\bin;C:\windows\Sun\Java\bin;C:\windows\system32;C:\windows;C:\Program Files (x86)\Common Files\Oracle\Java\javapath;C:\windows\system32;C:\windows;C:\windows\System32\Wbem;C:\windows\System32\WindowsPowerShell\v1.0\;C:\windows\System32\OpenSSH\;C:\Program Files\Git\cmd;C:\Users\hp\AppData\Local\Programs\Python\Python310;C:\Users\hp\AppData\Local\Programs\Python\Python310\Scripts;C:\Program Files\nodejs\;C:\Program Files\Java\jdk1.8.0_202\bin;C:\apache-maven\bin;C:\Users\hp\AppData\Local\Android\Sdk\platforms\android-32;C:\Users\hp\AppData\Local\Android\Sdk\platform-tools;C:\Users\hp\AppData\Local\Microsoft\WindowsApps;C:\Users\hp\AppData\Roaming\npm;C:\Users\hp\AppData\Local\Programs\Microsoft VS Code\bin;."/>
    <property name="java.vm.info" value="mixed mode"/>
    <property name="java.vendor" value="Oracle Corporation"/>
    <property name="java.vm.version" value="25.202-b08"/>
    <property name="java.ext.dirs" value="C:\Program Files\Java\jdk1.8.0_202\jre\lib\ext;C:\windows\Sun\Java\lib\ext"/>
    <property name="sun.io.unicode.encoding" value="UnicodeLittle"/>
    <property name="java.class.version" value="52.0"/>
  </properties>
  <testcase name="getAllWeatherData" classname="TC001_GET_Request" time="3.149"/>
  <testcase name="getweatherDetails" classname="TC001_GET_Request" time="1.056"/>
</testsuite>