<?xml version="1.0" encoding="UTF-8"?>
<!-- Generated by org.testng.reporters.JUnitReportReporter -->
<testsuite hostname="LAPTOP-48UDSM9F" failures="0" tests="2" name="TC001_GET_Request" time="3.837" errors="0" timestamp="2022-06-25T22:42:09 IST" skipped="0">
  <testcase classname="TC001_GET_Request" name="getweatherDetails" time="1.003"/>
  <system-out/>
  <testcase classname="TC001_GET_Request" name="getAllWeatherData" time="2.834"/>
  <system-out/>
</testsuite> <!-- TC001_GET_Request -->
